03/23/22 12:43:37: main.scss - Undefined variable $color__background-pre: base/typography/_copy.scss on line 21, at column 2
Call Stack:
#0 import base/typography/_copy.scss base/typography/_typography.scss on line 15
#1 import base/typography/_typography.scss base/_base.scss on line 3
#2 import base/_base.scss main.scss on line 54
03/23/22 12:46:22: main.scss - Undefined variable $color__background-pre: base/typography/_copy.scss on line 21, at column 2
Call Stack:
#0 import base/typography/_copy.scss base/typography/_typography.scss on line 15
#1 import base/typography/_typography.scss base/_base.scss on line 3
#2 import base/_base.scss main.scss on line 54
03/23/22 12:46:28: main.scss - Undefined variable $color__background-pre: base/typography/_copy.scss on line 21, at column 2
Call Stack:
#0 import base/typography/_copy.scss base/typography/_typography.scss on line 15
#1 import base/typography/_typography.scss base/_base.scss on line 3
#2 import base/_base.scss main.scss on line 54
03/23/22 12:46:30: main.scss - Undefined variable $color__background-pre: base/typography/_copy.scss on line 21, at column 2
Call Stack:
#0 import base/typography/_copy.scss base/typography/_typography.scss on line 15
#1 import base/typography/_typography.scss base/_base.scss on line 3
#2 import base/_base.scss main.scss on line 54
03/23/22 12:46:39: main.scss - Undefined variable $color__background-pre: base/typography/_copy.scss on line 21, at column 2
Call Stack:
#0 import base/typography/_copy.scss base/typography/_typography.scss on line 15
#1 import base/typography/_typography.scss base/_base.scss on line 3
#2 import base/_base.scss main.scss on line 54
03/23/22 12:46:45: main.scss - Undefined variable $color__background-pre: base/typography/_copy.scss on line 21, at column 2
Call Stack:
#0 import base/typography/_copy.scss base/typography/_typography.scss on line 15
#1 import base/typography/_typography.scss base/_base.scss on line 3
#2 import base/_base.scss main.scss on line 54
03/23/22 12:47:01: main.scss - Undefined variable $color__background-pre: base/typography/_copy.scss on line 21, at column 2
Call Stack:
#0 import base/typography/_copy.scss base/typography/_typography.scss on line 15
#1 import base/typography/_typography.scss base/_base.scss on line 3
#2 import base/_base.scss main.scss on line 54
03/23/22 12:47:01: main.scss - Undefined variable $color__background-pre: base/typography/_copy.scss on line 21, at column 2
Call Stack:
#0 import base/typography/_copy.scss base/typography/_typography.scss on line 15
#1 import base/typography/_typography.scss base/_base.scss on line 3
#2 import base/_base.scss main.scss on line 54
03/23/22 12:47:05: main.scss - Undefined variable $color__background-pre: base/typography/_copy.scss on line 21, at column 2
Call Stack:
#0 import base/typography/_copy.scss base/typography/_typography.scss on line 15
#1 import base/typography/_typography.scss base/_base.scss on line 3
#2 import base/_base.scss main.scss on line 54
03/23/22 12:47:08: main.scss - Undefined variable $color__background-pre: base/typography/_copy.scss on line 21, at column 2
Call Stack:
#0 import base/typography/_copy.scss base/typography/_typography.scss on line 15
#1 import base/typography/_typography.scss base/_base.scss on line 3
#2 import base/_base.scss main.scss on line 54
03/23/22 12:47:12: main.scss - Undefined variable $color__background-pre: base/typography/_copy.scss on line 21, at column 2
Call Stack:
#0 import base/typography/_copy.scss base/typography/_typography.scss on line 15
#1 import base/typography/_typography.scss base/_base.scss on line 3
#2 import base/_base.scss main.scss on line 54
03/23/22 12:47:14: main.scss - Undefined variable $color__background-pre: base/typography/_copy.scss on line 21, at column 2
Call Stack:
#0 import base/typography/_copy.scss base/typography/_typography.scss on line 15
#1 import base/typography/_typography.scss base/_base.scss on line 3
#2 import base/_base.scss main.scss on line 54
03/23/22 12:47:26: main.scss - Undefined variable $color__background-pre: base/typography/_copy.scss on line 21, at column 2
Call Stack:
#0 import base/typography/_copy.scss base/typography/_typography.scss on line 15
#1 import base/typography/_typography.scss base/_base.scss on line 3
#2 import base/_base.scss main.scss on line 54
03/23/22 12:47:28: main.scss - Undefined variable $color__background-pre: base/typography/_copy.scss on line 21, at column 2
Call Stack:
#0 import base/typography/_copy.scss base/typography/_typography.scss on line 15
#1 import base/typography/_typography.scss base/_base.scss on line 3
#2 import base/_base.scss main.scss on line 54
03/23/22 12:47:36: main.scss - Undefined variable $color__background-pre: base/typography/_copy.scss on line 21, at column 2
Call Stack:
#0 import base/typography/_copy.scss base/typography/_typography.scss on line 15
#1 import base/typography/_typography.scss base/_base.scss on line 3
#2 import base/_base.scss main.scss on line 54
03/23/22 12:47:50: main.scss - Undefined variable $color__background-pre: base/typography/_copy.scss on line 21, at column 2
Call Stack:
#0 import base/typography/_copy.scss base/typography/_typography.scss on line 15
#1 import base/typography/_typography.scss base/_base.scss on line 3
#2 import base/_base.scss main.scss on line 54
03/23/22 12:52:01: main.scss - Undefined variable $color__background-pre: base/typography/_copy.scss on line 21, at column 2
Call Stack:
#0 import base/typography/_copy.scss base/typography/_typography.scss on line 15
#1 import base/typography/_typography.scss base/_base.scss on line 3
#2 import base/_base.scss main.scss on line 54
03/23/22 12:52:02: main.scss - Undefined variable $font__code: base/typography/_copy.scss on line 25, at column 2
Call Stack:
#0 import base/typography/_copy.scss base/typography/_typography.scss on line 15
#1 import base/typography/_typography.scss base/_base.scss on line 3
#2 import base/_base.scss main.scss on line 54
03/23/22 12:52:04: main.scss - Undefined variable $font__code: base/typography/_copy.scss on line 25, at column 2
Call Stack:
#0 import base/typography/_copy.scss base/typography/_typography.scss on line 15
#1 import base/typography/_typography.scss base/_base.scss on line 3
#2 import base/_base.scss main.scss on line 54
03/23/22 12:52:21: main.scss - Undefined variable $font__code: base/typography/_copy.scss on line 25, at column 2
Call Stack:
#0 import base/typography/_copy.scss base/typography/_typography.scss on line 15
#1 import base/typography/_typography.scss base/_base.scss on line 3
#2 import base/_base.scss main.scss on line 54
03/23/22 12:52:22: main.scss - Undefined variable $font__code: base/typography/_copy.scss on line 25, at column 2
Call Stack:
#0 import base/typography/_copy.scss base/typography/_typography.scss on line 15
#1 import base/typography/_typography.scss base/_base.scss on line 3
#2 import base/_base.scss main.scss on line 54
03/23/22 12:52:23: main.scss - Undefined variable $font__code: base/typography/_copy.scss on line 25, at column 2
Call Stack:
#0 import base/typography/_copy.scss base/typography/_typography.scss on line 15
#1 import base/typography/_typography.scss base/_base.scss on line 3
#2 import base/_base.scss main.scss on line 54
03/23/22 12:52:43: main.scss - Undefined variable $font__code: base/typography/_copy.scss on line 25, at column 2
Call Stack:
#0 import base/typography/_copy.scss base/typography/_typography.scss on line 15
#1 import base/typography/_typography.scss base/_base.scss on line 3
#2 import base/_base.scss main.scss on line 54
03/23/22 12:52:45: main.scss - Undefined variable $font__code: base/typography/_copy.scss on line 25, at column 2
Call Stack:
#0 import base/typography/_copy.scss base/typography/_typography.scss on line 15
#1 import base/typography/_typography.scss base/_base.scss on line 3
#2 import base/_base.scss main.scss on line 54
03/23/22 12:53:18: main.scss - Undefined variable $font__code: base/typography/_copy.scss on line 25, at column 2
Call Stack:
#0 import base/typography/_copy.scss base/typography/_typography.scss on line 15
#1 import base/typography/_typography.scss base/_base.scss on line 3
#2 import base/_base.scss main.scss on line 54
03/23/22 12:53:23: main.scss - Undefined variable $font__code: base/typography/_copy.scss on line 25, at column 2
Call Stack:
#0 import base/typography/_copy.scss base/typography/_typography.scss on line 15
#1 import base/typography/_typography.scss base/_base.scss on line 3
#2 import base/_base.scss main.scss on line 54
03/23/22 12:53:29: main.scss - Undefined variable $font__code: base/typography/_copy.scss on line 25, at column 2
Call Stack:
#0 import base/typography/_copy.scss base/typography/_typography.scss on line 15
#1 import base/typography/_typography.scss base/_base.scss on line 3
#2 import base/_base.scss main.scss on line 54
03/23/22 12:53:33: main.scss - Undefined variable $font__code: base/typography/_copy.scss on line 25, at column 2
Call Stack:
#0 import base/typography/_copy.scss base/typography/_typography.scss on line 15
#1 import base/typography/_typography.scss base/_base.scss on line 3
#2 import base/_base.scss main.scss on line 54
03/23/22 12:53:35: main.scss - Undefined variable $font__code: base/typography/_copy.scss on line 25, at column 2
Call Stack:
#0 import base/typography/_copy.scss base/typography/_typography.scss on line 15
#1 import base/typography/_typography.scss base/_base.scss on line 3
#2 import base/_base.scss main.scss on line 54
03/23/22 12:53:39: main.scss - Undefined variable $font__code: base/typography/_copy.scss on line 25, at column 2
Call Stack:
#0 import base/typography/_copy.scss base/typography/_typography.scss on line 15
#1 import base/typography/_typography.scss base/_base.scss on line 3
#2 import base/_base.scss main.scss on line 54
03/23/22 12:54:00: main.scss - Undefined variable $font__code: base/typography/_copy.scss on line 25, at column 2
Call Stack:
#0 import base/typography/_copy.scss base/typography/_typography.scss on line 15
#1 import base/typography/_typography.scss base/_base.scss on line 3
#2 import base/_base.scss main.scss on line 54
03/23/22 12:59:57: main.scss - Undefined variable $font__code: base/typography/_copy.scss on line 25, at column 2
Call Stack:
#0 import base/typography/_copy.scss base/typography/_typography.scss on line 15
#1 import base/typography/_typography.scss base/_base.scss on line 3
#2 import base/_base.scss main.scss on line 54
03/23/22 1:00:01: main.scss - Undefined variable $font__code: base/typography/_copy.scss on line 25, at column 2
Call Stack:
#0 import base/typography/_copy.scss base/typography/_typography.scss on line 15
#1 import base/typography/_typography.scss base/_base.scss on line 3
#2 import base/_base.scss main.scss on line 54
03/23/22 1:00:02: main.scss - Undefined variable $font__code: base/typography/_copy.scss on line 25, at column 2
Call Stack:
#0 import base/typography/_copy.scss base/typography/_typography.scss on line 15
#1 import base/typography/_typography.scss base/_base.scss on line 3
#2 import base/_base.scss main.scss on line 54
03/23/22 1:00:11: main.scss - Undefined variable $font__code: base/typography/_copy.scss on line 25, at column 2
Call Stack:
#0 import base/typography/_copy.scss base/typography/_typography.scss on line 15
#1 import base/typography/_typography.scss base/_base.scss on line 3
#2 import base/_base.scss main.scss on line 54
03/23/22 1:00:33: main.scss - Undefined variable $font__code: base/typography/_copy.scss on line 25, at column 2
Call Stack:
#0 import base/typography/_copy.scss base/typography/_typography.scss on line 15
#1 import base/typography/_typography.scss base/_base.scss on line 3
#2 import base/_base.scss main.scss on line 54
03/23/22 1:00:37: main.scss - Undefined variable $font__code: base/typography/_copy.scss on line 25, at column 2
Call Stack:
#0 import base/typography/_copy.scss base/typography/_typography.scss on line 15
#1 import base/typography/_typography.scss base/_base.scss on line 3
#2 import base/_base.scss main.scss on line 54
03/23/22 1:00:40: main.scss - Undefined variable $font__code: base/typography/_copy.scss on line 25, at column 2
Call Stack:
#0 import base/typography/_copy.scss base/typography/_typography.scss on line 15
#1 import base/typography/_typography.scss base/_base.scss on line 3
#2 import base/_base.scss main.scss on line 54
03/23/22 1:00:45: main.scss - Undefined variable $font__code: base/typography/_copy.scss on line 25, at column 2
Call Stack:
#0 import base/typography/_copy.scss base/typography/_typography.scss on line 15
#1 import base/typography/_typography.scss base/_base.scss on line 3
#2 import base/_base.scss main.scss on line 54
03/23/22 1:00:46: main.scss - Undefined variable $font__code: base/typography/_copy.scss on line 25, at column 2
Call Stack:
#0 import base/typography/_copy.scss base/typography/_typography.scss on line 15
#1 import base/typography/_typography.scss base/_base.scss on line 3
#2 import base/_base.scss main.scss on line 54
03/23/22 1:00:53: main.scss - Undefined variable $font__code: base/typography/_copy.scss on line 25, at column 2
Call Stack:
#0 import base/typography/_copy.scss base/typography/_typography.scss on line 15
#1 import base/typography/_typography.scss base/_base.scss on line 3
#2 import base/_base.scss main.scss on line 54
03/23/22 1:01:28: main.scss - Undefined variable $font__code: base/typography/_copy.scss on line 25, at column 2
Call Stack:
#0 import base/typography/_copy.scss base/typography/_typography.scss on line 15
#1 import base/typography/_typography.scss base/_base.scss on line 3
#2 import base/_base.scss main.scss on line 54
03/23/22 1:01:29: main.scss - Undefined variable $font__code: base/typography/_copy.scss on line 25, at column 2
Call Stack:
#0 import base/typography/_copy.scss base/typography/_typography.scss on line 15
#1 import base/typography/_typography.scss base/_base.scss on line 3
#2 import base/_base.scss main.scss on line 54
03/23/22 1:01:55: main.scss - Undefined variable $font__code: base/typography/_copy.scss on line 25, at column 2
Call Stack:
#0 import base/typography/_copy.scss base/typography/_typography.scss on line 15
#1 import base/typography/_typography.scss base/_base.scss on line 3
#2 import base/_base.scss main.scss on line 54
03/23/22 1:02:02: main.scss - Undefined variable $font__code: base/typography/_copy.scss on line 25, at column 2
Call Stack:
#0 import base/typography/_copy.scss base/typography/_typography.scss on line 15
#1 import base/typography/_typography.scss base/_base.scss on line 3
#2 import base/_base.scss main.scss on line 54
04/01/22 12:44:19: main.scss - `sidebar-content` file not found for @import: layouts/__main.scss on line 9, at column 1
Call Stack:
#0 import layouts/__main.scss main.scss on line 53
04/01/22 12:46:20: main.scss - `sidebar-content` file not found for @import: layouts/__main.scss on line 9, at column 1
Call Stack:
#0 import layouts/__main.scss main.scss on line 1
04/01/22 12:48:21: main.scss - `sidebar-content` file not found for @import: layouts/__main.scss on line 9, at column 1
Call Stack:
#0 import layouts/__main.scss main.scss on line 1
04/01/22 12:49:36: main.scss - `sidebar-content` file not found for @import: layouts/__main.scss on line 9, at column 1
Call Stack:
#0 import layouts/__main.scss main.scss on line 1
04/01/22 12:50:36: main.scss - `sidebar-content` file not found for @import: layouts/__main.scss on line 9, at column 1
Call Stack:
#0 import layouts/__main.scss main.scss on line 1
04/01/22 12:51:36: main.scss - `sidebar-content` file not found for @import: layouts/__main.scss on line 9, at column 1
Call Stack:
#0 import layouts/__main.scss main.scss on line 1
04/01/22 12:52:36: main.scss - `sidebar-content` file not found for @import: layouts/__main.scss on line 9, at column 1
Call Stack:
#0 import layouts/__main.scss main.scss on line 1
04/01/22 12:53:47: main.scss - `sidebar-content` file not found for @import: layouts/__main.scss on line 9, at column 1
Call Stack:
#0 import layouts/__main.scss main.scss on line 1
04/01/22 12:54:10: main.scss - `sidebar-content` file not found for @import: layouts/__main.scss on line 9, at column 1
Call Stack:
#0 import layouts/__main.scss main.scss on line 1
04/01/22 12:54:15: main.scss - `sidebar-content` file not found for @import: layouts/__main.scss on line 9, at column 1
Call Stack:
#0 import layouts/__main.scss main.scss on line 1
04/01/22 12:54:16: main.scss - `sidebar-content` file not found for @import: layouts/__main.scss on line 9, at column 1
Call Stack:
#0 import layouts/__main.scss main.scss on line 1
04/01/22 12:54:20: main.scss - `sidebar-content` file not found for @import: layouts/__main.scss on line 9, at column 1
Call Stack:
#0 import layouts/__main.scss main.scss on line 1
04/01/22 12:54:22: main.scss - `sidebar-content` file not found for @import: layouts/__main.scss on line 9, at column 1
Call Stack:
#0 import layouts/__main.scss main.scss on line 1
04/01/22 12:54:28: main.scss - `sidebar-content` file not found for @import: layouts/__main.scss on line 9, at column 1
Call Stack:
#0 import layouts/__main.scss main.scss on line 1
04/01/22 12:54:29: main.scss - `sidebar-content` file not found for @import: layouts/__main.scss on line 9, at column 1
Call Stack:
#0 import layouts/__main.scss main.scss on line 1
04/01/22 12:54:32: main.scss - `sidebar-content` file not found for @import: layouts/__main.scss on line 9, at column 1
Call Stack:
#0 import layouts/__main.scss main.scss on line 1
04/01/22 12:54:34: main.scss - `sidebar-content` file not found for @import: layouts/__main.scss on line 9, at column 1
Call Stack:
#0 import layouts/__main.scss main.scss on line 1
04/01/22 12:54:34: main.scss - `sidebar-content` file not found for @import: layouts/__main.scss on line 9, at column 1
Call Stack:
#0 import layouts/__main.scss main.scss on line 1
04/01/22 12:54:34: main.scss - `sidebar-content` file not found for @import: layouts/__main.scss on line 9, at column 1
Call Stack:
#0 import layouts/__main.scss main.scss on line 1
04/01/22 12:54:34: main.scss - `sidebar-content` file not found for @import: layouts/__main.scss on line 9, at column 1
Call Stack:
#0 import layouts/__main.scss main.scss on line 1
04/01/22 12:54:35: main.scss - `sidebar-content` file not found for @import: layouts/__main.scss on line 9, at column 1
Call Stack:
#0 import layouts/__main.scss main.scss on line 1
04/01/22 12:54:35: main.scss - `sidebar-content` file not found for @import: layouts/__main.scss on line 9, at column 1
Call Stack:
#0 import layouts/__main.scss main.scss on line 1
04/01/22 12:54:35: main.scss - `sidebar-content` file not found for @import: layouts/__main.scss on line 9, at column 1
Call Stack:
#0 import layouts/__main.scss main.scss on line 1
04/01/22 12:54:36: main.scss - `sidebar-content` file not found for @import: layouts/__main.scss on line 9, at column 1
Call Stack:
#0 import layouts/__main.scss main.scss on line 1
04/01/22 12:54:36: main.scss - `sidebar-content` file not found for @import: layouts/__main.scss on line 9, at column 1
Call Stack:
#0 import layouts/__main.scss main.scss on line 1
04/01/22 12:54:37: main.scss - `sidebar-content` file not found for @import: layouts/__main.scss on line 9, at column 1
Call Stack:
#0 import layouts/__main.scss main.scss on line 1
04/01/22 12:54:37: main.scss - `sidebar-content` file not found for @import: layouts/__main.scss on line 9, at column 1
Call Stack:
#0 import layouts/__main.scss main.scss on line 1
04/01/22 12:54:37: main.scss - `sidebar-content` file not found for @import: layouts/__main.scss on line 9, at column 1
Call Stack:
#0 import layouts/__main.scss main.scss on line 1
04/01/22 12:54:37: main.scss - `sidebar-content` file not found for @import: layouts/__main.scss on line 9, at column 1
Call Stack:
#0 import layouts/__main.scss main.scss on line 1
04/01/22 12:54:38: main.scss - `sidebar-content` file not found for @import: layouts/__main.scss on line 9, at column 1
Call Stack:
#0 import layouts/__main.scss main.scss on line 1
04/01/22 12:54:38: main.scss - `sidebar-content` file not found for @import: layouts/__main.scss on line 9, at column 1
Call Stack:
#0 import layouts/__main.scss main.scss on line 1
04/01/22 12:54:39: main.scss - `sidebar-content` file not found for @import: layouts/__main.scss on line 9, at column 1
Call Stack:
#0 import layouts/__main.scss main.scss on line 1
04/01/22 12:54:39: main.scss - `sidebar-content` file not found for @import: layouts/__main.scss on line 9, at column 1
Call Stack:
#0 import layouts/__main.scss main.scss on line 1
04/01/22 12:54:40: main.scss - `sidebar-content` file not found for @import: layouts/__main.scss on line 9, at column 1
Call Stack:
#0 import layouts/__main.scss main.scss on line 1
04/01/22 12:54:40: main.scss - `sidebar-content` file not found for @import: layouts/__main.scss on line 9, at column 1
Call Stack:
#0 import layouts/__main.scss main.scss on line 1
04/01/22 12:54:40: main.scss - `sidebar-content` file not found for @import: layouts/__main.scss on line 9, at column 1
Call Stack:
#0 import layouts/__main.scss main.scss on line 1
04/01/22 12:54:41: main.scss - `sidebar-content` file not found for @import: layouts/__main.scss on line 9, at column 1
Call Stack:
#0 import layouts/__main.scss main.scss on line 1
04/01/22 1:14:53: main.scss - `sidebar-content` file not found for @import: layouts/__main.scss on line 9, at column 1
Call Stack:
#0 import layouts/__main.scss main.scss on line 1
04/01/22 1:14:54: main.scss - `sidebar-content` file not found for @import: layouts/__main.scss on line 9, at column 1
Call Stack:
#0 import layouts/__main.scss main.scss on line 1
04/01/22 1:15:05: main.scss - `sidebar-content` file not found for @import: layouts/__main.scss on line 9, at column 1
Call Stack:
#0 import layouts/__main.scss main.scss on line 1
04/01/22 1:15:10: main.scss - `sidebar-content` file not found for @import: layouts/__main.scss on line 9, at column 1
Call Stack:
#0 import layouts/__main.scss main.scss on line 1
04/01/22 1:15:13: main.scss - `sidebar-content` file not found for @import: layouts/__main.scss on line 9, at column 1
Call Stack:
#0 import layouts/__main.scss main.scss on line 1
04/01/22 1:15:21: main.scss - `blcokquote` file not found for @import: base/typography/_typography.scss on line 14, at column 1
Call Stack:
#0 import base/typography/_typography.scss base/_base.scss on line 3
#1 import base/_base.scss main.scss on line 4
04/01/22 1:15:22: main.scss - `blcokquote` file not found for @import: base/typography/_typography.scss on line 14, at column 1
Call Stack:
#0 import base/typography/_typography.scss base/_base.scss on line 3
#1 import base/_base.scss main.scss on line 4
04/01/22 1:15:34: main.scss - `blcokquote` file not found for @import: base/typography/_typography.scss on line 14, at column 1
Call Stack:
#0 import base/typography/_typography.scss base/_base.scss on line 3
#1 import base/_base.scss main.scss on line 4
04/01/22 1:16:03: main.scss - `blcokquote` file not found for @import: base/typography/_typography.scss on line 14, at column 1
Call Stack:
#0 import base/typography/_typography.scss base/_base.scss on line 3
#1 import base/_base.scss main.scss on line 4
04/01/22 1:16:10: main.scss - `blcokquote` file not found for @import: base/typography/_typography.scss on line 14, at column 1
Call Stack:
#0 import base/typography/_typography.scss base/_base.scss on line 3
#1 import base/_base.scss main.scss on line 4
04/01/22 1:16:23: main.scss - `blcokquote` file not found for @import: base/typography/_typography.scss on line 14, at column 1
Call Stack:
#0 import base/typography/_typography.scss base/_base.scss on line 3
#1 import base/_base.scss main.scss on line 4
04/01/22 1:16:42: main.scss - `blcokquote` file not found for @import: base/typography/_typography.scss on line 14, at column 1
Call Stack:
#0 import base/typography/_typography.scss base/_base.scss on line 3
#1 import base/_base.scss main.scss on line 4
04/01/22 1:16:50: main.scss - `blcokquote` file not found for @import: base/typography/_typography.scss on line 14, at column 1
Call Stack:
#0 import base/typography/_typography.scss base/_base.scss on line 3
#1 import base/_base.scss main.scss on line 4
04/01/22 1:16:56: main.scss - `blcokquote` file not found for @import: base/typography/_typography.scss on line 14, at column 1
Call Stack:
#0 import base/typography/_typography.scss base/_base.scss on line 3
#1 import base/_base.scss main.scss on line 4
04/01/22 1:17:05: main.scss - `blcokquote` file not found for @import: base/typography/_typography.scss on line 14, at column 1
Call Stack:
#0 import base/typography/_typography.scss base/_base.scss on line 3
#1 import base/_base.scss main.scss on line 4
04/01/22 1:17:11: main.scss - `bloсkquote` file not found for @import: base/typography/_typography.scss on line 14, at column 1
Call Stack:
#0 import base/typography/_typography.scss base/_base.scss on line 3
#1 import base/_base.scss main.scss on line 4
04/01/22 1:17:13: main.scss - `bloсkquote` file not found for @import: base/typography/_typography.scss on line 14, at column 1
Call Stack:
#0 import base/typography/_typography.scss base/_base.scss on line 3
#1 import base/_base.scss main.scss on line 4
04/01/22 1:17:24: main.scss - `bloсkquote` file not found for @import: base/typography/_typography.scss on line 14, at column 1
Call Stack:
#0 import base/typography/_typography.scss base/_base.scss on line 3
#1 import base/_base.scss main.scss on line 4
04/01/22 1:17:25: main.scss - `bloсkquote` file not found for @import: base/typography/_typography.scss on line 14, at column 1
Call Stack:
#0 import base/typography/_typography.scss base/_base.scss on line 3
#1 import base/_base.scss main.scss on line 4
04/01/22 1:17:47: main.scss - `bloсkquote` file not found for @import: base/typography/_typography.scss on line 14, at column 1
Call Stack:
#0 import base/typography/_typography.scss base/_base.scss on line 3
#1 import base/_base.scss main.scss on line 4
04/01/22 1:17:51: main.scss - `bloсkquote` file not found for @import: base/typography/_typography.scss on line 14, at column 1
Call Stack:
#0 import base/typography/_typography.scss base/_base.scss on line 3
#1 import base/_base.scss main.scss on line 4
04/01/22 1:17:53: main.scss - `bloсkquote` file not found for @import: base/typography/_typography.scss on line 14, at column 1
Call Stack:
#0 import base/typography/_typography.scss base/_base.scss on line 3
#1 import base/_base.scss main.scss on line 4
04/01/22 1:17:57: main.scss - `bloсkquote` file not found for @import: base/typography/_typography.scss on line 14, at column 1
Call Stack:
#0 import base/typography/_typography.scss base/_base.scss on line 3
#1 import base/_base.scss main.scss on line 4
04/01/22 1:18:00: main.scss - `bloсkquote` file not found for @import: base/typography/_typography.scss on line 14, at column 1
Call Stack:
#0 import base/typography/_typography.scss base/_base.scss on line 3
#1 import base/_base.scss main.scss on line 4
04/01/22 1:18:06: main.scss - `bloсkquote` file not found for @import: base/typography/_typography.scss on line 14, at column 1
Call Stack:
#0 import base/typography/_typography.scss base/_base.scss on line 3
#1 import base/_base.scss main.scss on line 4
04/01/22 1:18:14: main.scss - `bloсkquote` file not found for @import: base/typography/_typography.scss on line 14, at column 1
Call Stack:
#0 import base/typography/_typography.scss base/_base.scss on line 3
#1 import base/_base.scss main.scss on line 4
04/01/22 1:18:17: main.scss - `bloсkquote` file not found for @import: base/typography/_typography.scss on line 14, at column 1
Call Stack:
#0 import base/typography/_typography.scss base/_base.scss on line 3
#1 import base/_base.scss main.scss on line 4
04/01/22 1:18:18: main.scss - `bloсkquote` file not found for @import: base/typography/_typography.scss on line 14, at column 1
Call Stack:
#0 import base/typography/_typography.scss base/_base.scss on line 3
#1 import base/_base.scss main.scss on line 4
04/01/22 1:18:29: main.scss - `bloсkquote` file not found for @import: base/typography/_typography.scss on line 14, at column 1
Call Stack:
#0 import base/typography/_typography.scss base/_base.scss on line 3
#1 import base/_base.scss main.scss on line 4
04/01/22 1:18:39: main.scss - `bloсkquote` file not found for @import: base/typography/_typography.scss on line 14, at column 1
Call Stack:
#0 import base/typography/_typography.scss base/_base.scss on line 3
#1 import base/_base.scss main.scss on line 4
04/01/22 1:18:50: main.scss - `bloсkquote` file not found for @import: base/typography/_typography.scss on line 14, at column 1
Call Stack:
#0 import base/typography/_typography.scss base/_base.scss on line 3
#1 import base/_base.scss main.scss on line 4
04/01/22 1:18:58: main.scss - `bloсkquote` file not found for @import: base/typography/_typography.scss on line 14, at column 1
Call Stack:
#0 import base/typography/_typography.scss base/_base.scss on line 3
#1 import base/_base.scss main.scss on line 4
04/01/22 1:19:00: main.scss - `bloсkquote` file not found for @import: base/typography/_typography.scss on line 14, at column 1
Call Stack:
#0 import base/typography/_typography.scss base/_base.scss on line 3
#1 import base/_base.scss main.scss on line 4
04/01/22 1:19:06: main.scss - `bloсkquote` file not found for @import: base/typography/_typography.scss on line 14, at column 1
Call Stack:
#0 import base/typography/_typography.scss base/_base.scss on line 3
#1 import base/_base.scss main.scss on line 4
04/01/22 1:19:09: main.scss - `bloсkquote` file not found for @import: base/typography/_typography.scss on line 14, at column 1
Call Stack:
#0 import base/typography/_typography.scss base/_base.scss on line 3
#1 import base/_base.scss main.scss on line 4
04/01/22 1:19:10: main.scss - `bloсkquote` file not found for @import: base/typography/_typography.scss on line 14, at column 1
Call Stack:
#0 import base/typography/_typography.scss base/_base.scss on line 3
#1 import base/_base.scss main.scss on line 4
04/01/22 1:19:12: main.scss - `bloсkquote` file not found for @import: base/typography/_typography.scss on line 14, at column 1
Call Stack:
#0 import base/typography/_typography.scss base/_base.scss on line 3
#1 import base/_base.scss main.scss on line 4
04/01/22 1:19:14: main.scss - `bloсkquote` file not found for @import: base/typography/_typography.scss on line 14, at column 1
Call Stack:
#0 import base/typography/_typography.scss base/_base.scss on line 3
#1 import base/_base.scss main.scss on line 4
04/01/22 1:19:17: main.scss - `bloсkquote` file not found for @import: base/typography/_typography.scss on line 14, at column 1
Call Stack:
#0 import base/typography/_typography.scss base/_base.scss on line 3
#1 import base/_base.scss main.scss on line 4
04/01/22 1:19:20: main.scss - `bloсkquote` file not found for @import: base/typography/_typography.scss on line 14, at column 1
Call Stack:
#0 import base/typography/_typography.scss base/_base.scss on line 3
#1 import base/_base.scss main.scss on line 4
04/01/22 1:19:22: main.scss - `bloсkquote` file not found for @import: base/typography/_typography.scss on line 14, at column 1
Call Stack:
#0 import base/typography/_typography.scss base/_base.scss on line 3
#1 import base/_base.scss main.scss on line 4
04/01/22 1:19:23: main.scss - `bloсkquote` file not found for @import: base/typography/_typography.scss on line 14, at column 1
Call Stack:
#0 import base/typography/_typography.scss base/_base.scss on line 3
#1 import base/_base.scss main.scss on line 4
04/01/22 1:19:24: main.scss - `bloсkquote` file not found for @import: base/typography/_typography.scss on line 14, at column 1
Call Stack:
#0 import base/typography/_typography.scss base/_base.scss on line 3
#1 import base/_base.scss main.scss on line 4
04/01/22 1:19:25: main.scss - `bloсkquote` file not found for @import: base/typography/_typography.scss on line 14, at column 1
Call Stack:
#0 import base/typography/_typography.scss base/_base.scss on line 3
#1 import base/_base.scss main.scss on line 4
04/01/22 1:19:28: main.scss - `bloсkquote` file not found for @import: base/typography/_typography.scss on line 14, at column 1
Call Stack:
#0 import base/typography/_typography.scss base/_base.scss on line 3
#1 import base/_base.scss main.scss on line 4
04/01/22 1:19:33: main.scss - `bloсkquote` file not found for @import: base/typography/_typography.scss on line 14, at column 1
Call Stack:
#0 import base/typography/_typography.scss base/_base.scss on line 3
#1 import base/_base.scss main.scss on line 4
04/01/22 1:19:35: main.scss - `bloсkquote` file not found for @import: base/typography/_typography.scss on line 14, at column 1
Call Stack:
#0 import base/typography/_typography.scss base/_base.scss on line 3
#1 import base/_base.scss main.scss on line 4
04/01/22 1:19:40: main.scss - `bloсkquote` file not found for @import: base/typography/_typography.scss on line 14, at column 1
Call Stack:
#0 import base/typography/_typography.scss base/_base.scss on line 3
#1 import base/_base.scss main.scss on line 4
04/01/22 1:20:34: main.scss - `bloсkquote` file not found for @import: base/typography/_typography.scss on line 14, at column 1
Call Stack:
#0 import base/typography/_typography.scss base/_base.scss on line 3
#1 import base/_base.scss main.scss on line 4
04/01/22 1:20:41: main.scss - Undefined variable $headings-font-family: base/typography/_headings.scss on line 7, at column 3
Call Stack:
#0 import base/typography/_headings.scss base/typography/_typography.scss on line 15
#1 import base/typography/_typography.scss base/_base.scss on line 3
#2 import base/_base.scss main.scss on line 4
04/01/22 1:20:45: main.scss - Undefined variable $headings-font-family: base/typography/_headings.scss on line 7, at column 3
Call Stack:
#0 import base/typography/_headings.scss base/typography/_typography.scss on line 15
#1 import base/typography/_typography.scss base/_base.scss on line 3
#2 import base/_base.scss main.scss on line 4
04/01/22 1:20:56: main.scss - Undefined variable $headings-font-family: base/typography/_headings.scss on line 7, at column 3
Call Stack:
#0 import base/typography/_headings.scss base/typography/_typography.scss on line 15
#1 import base/typography/_typography.scss base/_base.scss on line 3
#2 import base/_base.scss main.scss on line 4
04/01/22 1:21:03: main.scss - Undefined variable $headings-font-family: base/typography/_headings.scss on line 7, at column 3
Call Stack:
#0 import base/typography/_headings.scss base/typography/_typography.scss on line 15
#1 import base/typography/_typography.scss base/_base.scss on line 3
#2 import base/_base.scss main.scss on line 4
